sdk/build/outputs/logs/manifest-merger-debug-report.txt
-- Merging decision tree log ---
manifest
ADDED from src\main\AndroidManifest.xml:1:1-22:12
INJECTED from src\main\AndroidManifest.xml:1:1-22:12
INJECTED from src\main\AndroidManifest.xml:1:1-22:12
INJECTED from src\main\AndroidManifest.xml:1:1-22:12
INJECTED from src\main\AndroidManifest.xml:1:1-22:12
INJECTED from src\main\AndroidManifest.xml:1:1-22:12
INJECTED from src\main\AndroidManifest.xml:1:1-22:12
	package
		ADDED from src\main\AndroidManifest.xml:2:11-51
		INJECTED from src\main\AndroidManifest.xml
		INJECTED from src\main\AndroidManifest.xml
	android:versionName
		INJECTED from src\main\AndroidManifest.xml
		ADDED from src\main\AndroidManifest.xml:1:1-22:12
		INJECTED from src\main\AndroidManifest.xml
	android:versionCode
		INJECTED from src\main\AndroidManifest.xml
		ADDED from src\main\AndroidManifest.xml:1:1-22:12
		INJECTED from src\main\AndroidManifest.xml
	xmlns:android
		ADDED from src\main\AndroidManifest.xml:1:11-69
application
ADDED from src\main\AndroidManifest.xml:4:5-20:19
	android:label
		ADDED from src\main\AndroidManifest.xml:5:18-50
	android:allowBackup
		ADDED from src\main\AndroidManifest.xml:4:18-44
service#com.pax.market.android.app.sdk.RPCService
ADDED from src\main\AndroidManifest.xml:6:9-10:19
	android:exported
		ADDED from src\main\AndroidManifest.xml:6:45-68
	android:name
		ADDED from src\main\AndroidManifest.xml:6:18-44
intent-filter#action:name:${applicationId}.ACTION_RPC_SERVICE
ADDED from src\main\AndroidManifest.xml:7:13-9:29
action#${applicationId}.ACTION_RPC_SERVICE
ADDED from src\main\AndroidManifest.xml:8:17-78
	android:name
		ADDED from src\main\AndroidManifest.xml:8:25-75
service#com.pax.market.android.app.sdk.ProxyChangeService
ADDED from src\main\AndroidManifest.xml:12:9-54
	android:name
		ADDED from src\main\AndroidManifest.xml:12:18-52
receiver#com.pax.market.android.app.sdk.ProxyChangeReceiver
ADDED from src\main\AndroidManifest.xml:13:9-19:20
	android:enabled
		ADDED from src\main\AndroidManifest.xml:14:19-41
	android:exported
		ADDED from src\main\AndroidManifest.xml:15:19-42
	android:name
		ADDED from src\main\AndroidManifest.xml:13:19-54
intent-filter#action:name:com.paxstore.PROXY_CHANGE
ADDED from src\main\AndroidManifest.xml:16:13-18:29
action#com.paxstore.PROXY_CHANGE
ADDED from src\main\AndroidManifest.xml:17:17-68
	android:name
		ADDED from src\main\AndroidManifest.xml:17:25-65
uses-sdk
INJECTED from src\main\AndroidManifest.xml reason: use-sdk injection requested
INJECTED from src\main\AndroidManifest.xml
INJECTED from src\main\AndroidManifest.xml
INJECTED from src\main\AndroidManifest.xml
INJECTED from src\main\AndroidManifest.xml
	android:targetSdkVersion
		INJECTED from src\main\AndroidManifest.xml
		ADDED from src\main\AndroidManifest.xml
		INJECTED from src\main\AndroidManifest.xml
	android:minSdkVersion
		INJECTED from src\main\AndroidManifest.xml
		ADDED from src\main\AndroidManifest.xml
		INJECTED from src\main\AndroidManifest.xml